<?xml version="1.0" encoding="UTF-8"?>
<!-- Generated by org.testng.reporters.JUnitReportReporter -->
<testsuite hostname="DESKTOP-SH3BACH" failures="0" tests="5" name="FirstAutoTestCases" time="14.426" errors="0" timestamp="2024-05-30T17:26:47 EET" skipped="0">
  <testcase classname="FirstAutoTestCases" name="logIn" time="1.701"/>
  <system-out/>
  <testcase classname="FirstAutoTestCases" name="firstTestCases" time="1.694"/>
  <system-out/>
  <testcase classname="FirstAutoTestCases" name="removeFirstItem" time="4.694"/>
  <system-out/>
  <testcase classname="FirstAutoTestCases" name="checkCart" time="3.677"/>
  <system-out/>
  <testcase classname="FirstAutoTestCases" name="addItemandLogout" time="2.660"/>
  <system-out/>
</testsuite> <!-- FirstAutoTestCases -->
